2025-07-07T13:04:47 exception: Failed to open "/home/seseorang/.config/mpd/mpdstate": No such file or directory
2025-07-07T13:04:47 update: added /keshi - UNDERSTAND.mp3
2025-07-07T13:04:47 update: added /Dewa 19 - Kangen.mp3
2025-07-07T13:04:47 update: added /Guillaume_Coppola_Suite_bergamasque,_L_75__No_3,_Clair_de_lune.mp3
2025-07-07T13:04:47 update: added /wave to earth - love.mp3
2025-07-07T13:04:47 update: added /wave to earth - seasons.mp3
2025-07-07T13:04:47 update: added /Masdo - Dinda.mp3
2025-07-07T13:04:47 update: added /Chezile - Beanie.mp3
2025-07-07T13:04:47 update: added /sssliced - sssliced.mp3
2025-07-07T13:04:47 update: added /Mac Demarco - Chamber Of Reflection.mp3
2025-07-07T13:04:47 update: added /Ricky Montgomery - Line Without a Hook.mp3
2025-07-07T13:04:47 update: added /Tame Impala - Borderline.mp3
2025-07-07T13:04:47 update: added /Lyla - Kamu Cantik Kamu Baik.mp3
2025-07-07T13:04:47 update: added /Mac Demarco - Freaking Out the Neighborhood.mp3
2025-07-07T13:04:47 update: added /Rex Orange County - THE SHADE.mp3
2025-07-07T13:04:47 update: added /XYLØ - Afterlife (Ark Patrol Remix).mp3
2025-07-07T13:04:47 update: added /Noltessa - Memory Reboot x A Real Hero.mp3
2025-07-07T13:04:47 update: added /Slowdive - When the Sun Hits.mp3
2025-07-07T13:04:47 update: added /Armada - Asal Kau Bahagia.mp3
2025-07-07T13:04:47 update: added /Valentines.mp3
2025-07-07T13:04:47 update: added /Nuh... - Teruntuk Mia.mp3
2025-07-07T13:04:47 update: added /Feast - Nina.mp3
2025-07-07T13:04:47 update: added /Nathaniel Constantin - A Piece of You.mp3
2025-07-07T13:04:47 update: added /Rex Orange County - Sunflower.mp3
2025-07-07T13:04:47 update: added /Robin - If I Can Stop One Heart From Breaking.mp3
2025-07-07T13:04:47 update: added /Cigarettes After Sex - Cry.mp3
2025-07-07T13:04:47 update: added /The Visitors (Deluxe Edition) CD 1 TRACK 8 (320).mp3
2025-07-07T13:04:47 update: added /Dream, Ivory - welcome and goodbye.mp3
2025-07-07T13:04:47 update: added /Pastel Ghost - Iris.mp3
2025-07-07T13:04:47 update: added /Pamungkas - To the Bone.mp3
2025-07-07T13:04:47 update: added /_.Feast - o,Tuan.mp3
2025-07-07T13:04:47 update: added /Arctic Monkeys - No. 1 Party Anthem.mp3
2025-07-07T13:04:47 update: added /Official Noah Music - Separuh Aku.mp3
2025-07-07T13:04:47 update: added /Duran Duran - INVISIBLE.mp3
2025-07-07T13:04:47 update: added /Decalius - A Miserable Life.mp3
2025-07-07T13:04:47 update: added /Sid  Aya (Not a Love Story) (Original Movie Soundtrack) CD 1.mp3
2025-07-07T13:04:47 update: added /Ricky Montgomery - Mr. Loverman.mp3
2025-07-07T13:04:47 update: added /Dewa 19 - Satu.mp3
2025-07-07T13:04:47 update: added /ABBA - The Winner Takes It All.mp3
2025-07-07T13:04:47 update: added /Hindia - everything u are.mp3
2025-07-07T13:04:47 update: added /Dendi Nata - Abadi (Indo Version).mp3
2025-07-07T13:04:47 update: added /Vacations - Telephones.mp3
2025-07-07T13:04:47 update: added /Radiohead - Let Down.mp3
2025-07-07T13:04:47 update: added /Andra   The Backbone - Sempurna.mp3
2025-07-07T13:04:47 update: added /Hindia - Secukupnya.flac
2025-07-07T13:04:47 update: added /wotaku - snooze (feat. SHIKI).mp3
2025-07-07T13:04:47 update: added /Dendi Nata - Abadi.mp3
2025-07-07T13:04:47 update: added /Sukimaswitch - Zenryoku Syounen.mp3
2025-07-07T13:04:47 update: added /Anıl Emre Daldal - M..mp3
2025-07-07T13:04:47 update: added /Antent - hope to see you again.mp3
2025-07-07T13:04:47 update: added /Anri_Kanashimi_ga_Tomaranai_I_CAN'T_STOP_THE_LONELINESS.mp3
2025-07-07T13:04:47 update: added /The Lantis - Bunga Maaf.mp3
2025-07-07T13:04:47 update: added /sombr - back to friends.mp3
2025-07-07T13:04:47 update: added /Yoko Takahashi - The Cruel Angel s Thesis.mp3
2025-07-07T13:04:47 update: added /Cigarettes After Sex - Sunsetz.mp3
2025-07-07T13:04:47 update: added /Hiiragi Magnetite - Zako.mp3
2025-07-07T13:04:47 update: added /Radiohead - No Surprises.mp3
2025-07-07T13:04:47 update: added /Bryant Barnes - I d Rather Pretend.mp3
2025-07-07T13:04:47 update: added /VØJ - Memory Reboot.mp3
2025-07-07T13:04:47 update: added /wave to earth - bad.mp3
2025-07-07T13:04:47 update: added /Rio Clappy - Bunga Abadi.mp3
2025-07-07T13:10:01 exception: Access to local files via TCP is not allowed
2025-07-07T14:33:00 player: played "wave to earth - bad.mp3"
2025-07-07T14:36:12 player: played "Dream, Ivory - welcome and goodbye.mp3"
2025-07-07T14:44:51 player: played "Hindia - everything u are.mp3"
2025-07-07T14:44:57 player: played "Radiohead - No Surprises.mp3"
2025-07-07T14:58:38 player: played "Hindia - everything u are.mp3"
2025-07-07T15:02:28 player: played "Radiohead - No Surprises.mp3"
2025-07-07T15:06:06 player: played "Pastel Ghost - Iris.mp3"
2025-07-07T15:09:23 player: played "XYLØ - Afterlife (Ark Patrol Remix).mp3"
2025-07-07T15:12:56 player: played "Vacations - Telephones.mp3"
2025-07-07T15:17:33 player: played "Feast - Nina.mp3"
2025-07-07T15:17:57 player: played "Lyla - Kamu Cantik Kamu Baik.mp3"
2025-07-07T16:28:15 player: played "Vacations - Telephones.mp3"
2025-07-07T16:36:13 player: played "Hindia - everything u are.mp3"
2025-07-07T16:41:25 player: played "Hindia - everything u are.mp3"
2025-07-07T16:44:30 player: played "Bryant Barnes - I d Rather Pretend.mp3"
2025-07-07T16:49:25 player: played "ABBA - The Winner Takes It All.mp3"
2025-07-07T16:52:38 player: played "sssliced - sssliced.mp3"
2025-07-07T16:54:37 player: played "Ricky Montgomery - Line Without a Hook.mp3"
2025-07-08T17:10:41 player: played "Cigarettes After Sex - Cry.mp3"
2025-07-08T17:26:57 player: played "Hindia - Secukupnya.flac"
2025-07-08T17:54:56 player: played "Bryant Barnes - I d Rather Pretend.mp3"
2025-07-08T19:38:16 player: played "Decalius - A Miserable Life.mp3"
2025-07-08T19:40:56 exception: Not playing
2025-07-08T19:40:58 exception: Not playing
2025-07-08T19:48:58 player: played "wave to earth - bad.mp3"
2025-07-08T20:00:54 player: played "Hiiragi Magnetite - Zako.mp3"
2025-07-08T20:04:30 player: played "Hindia - Secukupnya.flac"
2025-07-08T20:12:19 player: played "Nuh... - Teruntuk Mia.mp3"
2025-07-08T20:15:23 player: played "Dream, Ivory - welcome and goodbye.mp3"
2025-07-08T20:19:46 player: played "wave to earth - bad.mp3"
2025-07-08T20:26:01 player: played "wotaku - snooze (feat. SHIKI).mp3"
2025-07-08T20:28:43 player: played "Cigarettes After Sex - Sunsetz.mp3"
2025-07-08T20:35:59 player: played "Duran Duran - INVISIBLE.mp3"
2025-07-08T20:37:42 player: played "sssliced - sssliced.mp3"
2025-07-08T20:44:56 player: played "Dendi Nata - Abadi (Indo Version).mp3"
2025-07-08T20:59:14 player: played "The Lantis - Bunga Maaf.mp3"
2025-07-09T12:10:40 player: played "The Lantis - Bunga Maaf.mp3"
2025-07-09T12:32:59 player: played "The Lantis - Bunga Maaf.mp3"
2025-07-09T12:38:53 player: played "wave to earth - seasons.mp3"
2025-07-09T12:41:21 player: played "Antent - hope to see you again.mp3"
2025-07-09T12:44:17 player: played "Cigarettes After Sex - Sunsetz.mp3"
2025-07-09T12:44:21 exception: Not playing
2025-07-09T12:44:22 exception: Not playing
2025-07-09T12:49:56 player: played "Andra   The Backbone - Sempurna.mp3"
2025-07-09T12:58:35 player: played "Dendi Nata - Abadi.mp3"
2025-07-09T13:03:28 player: played "Guillaume_Coppola_Suite_bergamasque,_L_75__No_3,_Clair_de_lune.mp3"
2025-07-09T13:09:05 player: played "Hindia - everything u are.mp3"
2025-07-09T13:12:58 player: played "Noltessa - Memory Reboot x A Real Hero.mp3"
2025-07-09T13:15:19 player: played "Dream, Ivory - welcome and goodbye.mp3"
2025-07-09T13:19:22 player: played "Rio Clappy - Bunga Abadi.mp3"
2025-07-09T13:22:16 player: played "Mac Demarco - Freaking Out the Neighborhood.mp3"
2025-07-09T13:27:24 player: played "wave to earth - love.mp3"
2025-07-09T14:08:28 player: played "_.Feast - o,Tuan.mp3"
2025-07-09T14:11:26 player: played "wotaku - snooze (feat. SHIKI).mp3"
2025-07-09T14:14:55 player: played "Hiiragi Magnetite - Zako.mp3"
2025-07-09T14:17:29 player: played "keshi - UNDERSTAND.mp3"
2025-07-09T14:20:51 player: played "Robin - If I Can Stop One Heart From Breaking.mp3"
2025-07-09T14:25:52 player: played "Dewa 19 - Kangen.mp3"
2025-07-09T14:29:59 player: played "Yoko Takahashi - The Cruel Angel s Thesis.mp3"
2025-07-09T14:32:23 player: played "Vacations - Telephones.mp3"
2025-07-10T14:31:43 player: played "Dendi Nata - Abadi.mp3"
2025-07-10T14:36:09 player: played "Anri_Kanashimi_ga_Tomaranai_I_CAN'T_STOP_THE_LONELINESS.mp3"
2025-07-10T14:39:10 player: played "Rex Orange County - THE SHADE.mp3"
2025-07-10T14:43:00 player: played "Radiohead - No Surprises.mp3"
2025-07-10T14:45:20 player: played "Dream, Ivory - welcome and goodbye.mp3"
2025-07-10T14:51:05 player: played "Pamungkas - To the Bone.mp3"
2025-07-10T14:54:18 pipewire_output: Decoder is too slow; playing silence to avoid xrun
2025-07-10T15:00:02 player: played "Pamungkas - To the Bone.mp3"
2025-07-10T15:03:31 player: played "Hiiragi Magnetite - Zako.mp3"
2025-07-10T15:06:54 player: played "Robin - If I Can Stop One Heart From Breaking.mp3"
2025-07-10T15:11:23 player: played "Andra   The Backbone - Sempurna.mp3"
2025-07-10T15:15:00 player: played "Cigarettes After Sex - Sunsetz.mp3"
2025-07-10T15:20:06 player: played "Dendi Nata - Abadi.mp3"
2025-07-10T15:25:07 player: played "Dewa 19 - Kangen.mp3"
2025-07-10T15:28:18 player: played "Duran Duran - INVISIBLE.mp3"
2025-07-10T15:31:56 player: played "Ricky Montgomery - Mr. Loverman.mp3"
2025-07-10T15:36:16 player: played "Sid  Aya (Not a Love Story) (Original Movie Soundtrack) CD 1.mp3"
2025-07-10T15:44:34 player: played "Ricky Montgomery - Line Without a Hook.mp3"
2025-07-10T15:48:06 player: played "Masdo - Dinda.mp3"
2025-07-10T15:51:22 player: played "Nuh... - Teruntuk Mia.mp3"
2025-07-10T16:01:23 player: played "_.Feast - o,Tuan.mp3"
2025-07-10T16:05:56 player: played "Sukimaswitch - Zenryoku Syounen.mp3"
2025-07-10T16:10:14 player: played "Dendi Nata - Abadi (Indo Version).mp3"
2025-07-10T16:17:51 player: played "Rio Clappy - Bunga Abadi.mp3"
2025-07-10T16:26:39 player: played "Hindia - everything u are.mp3"
2025-07-10T16:30:42 player: played "Hindia - everything u are.mp3"
2025-07-11T12:49:30 player: played "VØJ - Memory Reboot.mp3"
2025-07-11T12:57:23 player: played "Dewa 19 - Kangen.mp3"
2025-07-11T13:00:52 player: played "Hiiragi Magnetite - Zako.mp3"
2025-07-11T13:13:19 player: played "Rex Orange County - THE SHADE.mp3"
2025-07-11T13:17:16 player: played "Hindia - everything u are.mp3"
2025-07-11T13:17:18 update: added /doc_2025-07-11_13-16-35.Feast - Tarot.mp3
2025-07-11T13:22:17 player: played "doc_2025-07-11_13-16-35.Feast - Tarot.mp3"
2025-07-11T13:24:45 player: played "Antent - hope to see you again.mp3"
2025-07-11T13:31:33 player: played "doc_2025-07-11_13-16-35.Feast - Tarot.mp3"
2025-07-11T13:34:01 player: played "Antent - hope to see you again.mp3"
2025-07-11T13:37:33 player: played "Vacations - Telephones.mp3"
2025-07-11T13:42:02 player: played "Andra   The Backbone - Sempurna.mp3"
2025-07-11T15:10:44 player: played "Slowdive - When the Sun Hits.mp3"
2025-12-16T15:10:25 exception: Failed to decode "/home/seseorang/Music/sombr - back to friends.mp3"; Failed to open "/home/seseorang/Music/sombr - back to friends.mp3": No such file or directory
2025-12-16T15:10:25 player: played "sombr - back to friends.mp3"
2025-12-16T15:10:25 exception: Failed to decode "/home/seseorang/Music/Dendi Nata - Abadi.mp3"; Failed to open "/home/seseorang/Music/Dendi Nata - Abadi.mp3": No such file or directory
2025-12-16T15:10:25 player: played "Dendi Nata - Abadi.mp3"
2025-12-16T15:10:25 exception: Failed to decode "/home/seseorang/Music/Decalius - A Miserable Life.mp3"; Failed to open "/home/seseorang/Music/Decalius - A Miserable Life.mp3": No such file or directory
2025-12-16T15:10:25 player: played "Decalius - A Miserable Life.mp3"
2025-12-16T15:10:31 exception: Failed to decode "/home/seseorang/Music/Bryant Barnes - I d Rather Pretend.mp3"; Failed to open "/home/seseorang/Music/Bryant Barnes - I d Rather Pretend.mp3": No such file or directory
2025-12-16T15:10:31 player: played "Bryant Barnes - I d Rather Pretend.mp3"
2025-12-16T15:10:31 exception: Failed to decode "/home/seseorang/Music/Hindia - everything u are.mp3"; Failed to open "/home/seseorang/Music/Hindia - everything u are.mp3": No such file or directory
2025-12-16T15:10:31 player: played "Hindia - everything u are.mp3"
2025-12-16T15:10:31 exception: Failed to decode "/home/seseorang/Music/Robin - If I Can Stop One Heart From Breaking.mp3"; Failed to open "/home/seseorang/Music/Robin - If I Can Stop One Heart From Breaking.mp3": No such file or directory
2025-12-16T15:10:31 player: played "Robin - If I Can Stop One Heart From Breaking.mp3"
2025-12-16T15:10:31 exception: Failed to decode "/home/seseorang/Music/Dewa 19 - Satu.mp3"; Failed to open "/home/seseorang/Music/Dewa 19 - Satu.mp3": No such file or directory
2025-12-16T15:10:31 player: played "Dewa 19 - Satu.mp3"
2025-12-16T15:10:31 exception: Failed to decode "/home/seseorang/Music/Antent - hope to see you again.mp3"; Failed to open "/home/seseorang/Music/Antent - hope to see you again.mp3": No such file or directory
2025-12-16T15:10:31 player: played "Antent - hope to see you again.mp3"
2025-12-16T15:10:31 exception: Failed to decode "/home/seseorang/Music/wave to earth - seasons.mp3"; Failed to open "/home/seseorang/Music/wave to earth - seasons.mp3": No such file or directory
2025-12-16T15:10:31 player: played "wave to earth - seasons.mp3"
2025-12-16T15:10:31 exception: Failed to decode "/home/seseorang/Music/Dewa 19 - Kangen.mp3"; Failed to open "/home/seseorang/Music/Dewa 19 - Kangen.mp3": No such file or directory
2025-12-16T15:10:31 player: played "Dewa 19 - Kangen.mp3"
2025-12-16T15:10:31 exception: Failed to decode "/home/seseorang/Music/Chezile - Beanie.mp3"; Failed to open "/home/seseorang/Music/Chezile - Beanie.mp3": No such file or directory
2025-12-16T15:10:31 player: played "Chezile - Beanie.mp3"
2025-12-16T15:10:31 exception: Failed to decode "/home/seseorang/Music/Masdo - Dinda.mp3"; Failed to open "/home/seseorang/Music/Masdo - Dinda.mp3": No such file or directory
2025-12-16T15:10:31 player: played "Masdo - Dinda.mp3"
2025-12-16T15:10:31 exception: Failed to decode "/home/seseorang/Music/ABBA - The Winner Takes It All.mp3"; Failed to open "/home/seseorang/Music/ABBA - The Winner Takes It All.mp3": No such file or directory
2025-12-16T15:10:31 player: played "ABBA - The Winner Takes It All.mp3"
2025-12-16T15:10:31 exception: Failed to decode "/home/seseorang/Music/Sid Aya (Not a Love Story) (Original Movie Soundtrack) CD 1.mp3"; Failed to open "/home/seseorang/Music/Sid Aya (Not a Love Story) (Original Movie Soundtrack) CD 1.mp3": No such file or directory
2025-12-16T15:10:31 player: played "Sid  Aya (Not a Love Story) (Original Movie Soundtrack) CD 1.mp3"
2025-12-16T15:10:31 exception: Failed to decode "/home/seseorang/Music/VØJ - Memory Reboot.mp3"; Failed to open "/home/seseorang/Music/VØJ - Memory Reboot.mp3": No such file or directory
2025-12-16T15:10:31 player: played "VØJ - Memory Reboot.mp3"
2025-12-16T15:10:31 exception: Failed to decode "/home/seseorang/Music/wave to earth - love.mp3"; Failed to open "/home/seseorang/Music/wave to earth - love.mp3": No such file or directory
2025-12-16T15:10:31 player: played "wave to earth - love.mp3"
2025-12-16T15:10:31 exception: Failed to decode "/home/seseorang/Music/XYLØ - Afterlife (Ark Patrol Remix).mp3"; Failed to open "/home/seseorang/Music/XYLØ - Afterlife (Ark Patrol Remix).mp3": No such file or directory
2025-12-16T15:10:31 player: played "XYLØ - Afterlife (Ark Patrol Remix).mp3"
2025-12-16T15:10:31 exception: Failed to decode "/home/seseorang/Music/Tame Impala - Borderline.mp3"; Failed to open "/home/seseorang/Music/Tame Impala - Borderline.mp3": No such file or directory
2025-12-16T15:10:31 player: played "Tame Impala - Borderline.mp3"
2025-12-16T15:10:31 exception: Failed to decode "/home/seseorang/Music/Rex Orange County - THE SHADE.mp3"; Failed to open "/home/seseorang/Music/Rex Orange County - THE SHADE.mp3": No such file or directory
2025-12-16T15:10:31 player: played "Rex Orange County - THE SHADE.mp3"
2025-12-16T15:10:31 exception: Failed to decode "/home/seseorang/Music/Radiohead - No Surprises.mp3"; Failed to open "/home/seseorang/Music/Radiohead - No Surprises.mp3": No such file or directory
2025-12-16T15:10:31 player: played "Radiohead - No Surprises.mp3"
2025-12-16T15:10:31 exception: Failed to decode "/home/seseorang/Music/Andra The Backbone - Sempurna.mp3"; Failed to open "/home/seseorang/Music/Andra The Backbone - Sempurna.mp3": No such file or directory
2025-12-16T15:10:31 player: played "Andra   The Backbone - Sempurna.mp3"
2025-12-16T15:10:31 exception: Failed to decode "/home/seseorang/Music/Ricky Montgomery - Mr. Loverman.mp3"; Failed to open "/home/seseorang/Music/Ricky Montgomery - Mr. Loverman.mp3": No such file or directory
2025-12-16T15:10:31 player: played "Ricky Montgomery - Mr. Loverman.mp3"
2025-12-16T15:10:31 exception: Failed to decode "/home/seseorang/Music/Cigarettes After Sex - Cry.mp3"; Failed to open "/home/seseorang/Music/Cigarettes After Sex - Cry.mp3": No such file or directory
2025-12-16T15:10:31 player: played "Cigarettes After Sex - Cry.mp3"
2025-12-16T15:10:31 exception: Failed to decode "/home/seseorang/Music/Radiohead - Let Down.mp3"; Failed to open "/home/seseorang/Music/Radiohead - Let Down.mp3": No such file or directory
2025-12-16T15:10:31 player: played "Radiohead - Let Down.mp3"
2025-12-16T15:10:31 exception: Failed to decode "/home/seseorang/Music/wotaku - snooze (feat. SHIKI).mp3"; Failed to open "/home/seseorang/Music/wotaku - snooze (feat. SHIKI).mp3": No such file or directory
2025-12-16T15:10:31 player: played "wotaku - snooze (feat. SHIKI).mp3"
2025-12-16T15:10:31 exception: Failed to decode "/home/seseorang/Music/_.Feast - o,Tuan.mp3"; Failed to open "/home/seseorang/Music/_.Feast - o,Tuan.mp3": No such file or directory
2025-12-16T15:10:31 player: played "_.Feast - o,Tuan.mp3"
2025-12-16T15:10:31 exception: Failed to decode "/home/seseorang/Music/Feast - Nina.mp3"; Failed to open "/home/seseorang/Music/Feast - Nina.mp3": No such file or directory
2025-12-16T15:10:31 player: played "Feast - Nina.mp3"
2025-12-16T15:10:31 exception: Failed to decode "/home/seseorang/Music/Ricky Montgomery - Line Without a Hook.mp3"; Failed to open "/home/seseorang/Music/Ricky Montgomery - Line Without a Hook.mp3": No such file or directory
2025-12-16T15:10:31 player: played "Ricky Montgomery - Line Without a Hook.mp3"
2025-12-16T15:10:31 exception: Failed to decode "/home/seseorang/Music/Hindia - Secukupnya.flac"; Failed to open "/home/seseorang/Music/Hindia - Secukupnya.flac": No such file or directory
2025-12-16T15:10:31 player: played "Hindia - Secukupnya.flac"
2025-12-16T15:10:31 exception: Failed to decode "/home/seseorang/Music/wave to earth - bad.mp3"; Failed to open "/home/seseorang/Music/wave to earth - bad.mp3": No such file or directory
2025-12-16T15:10:31 player: played "wave to earth - bad.mp3"
2025-12-16T15:10:31 exception: Failed to decode "/home/seseorang/Music/sombr - back to friends.mp3"; Failed to open "/home/seseorang/Music/sombr - back to friends.mp3": No such file or directory
2025-12-16T15:10:31 player: played "sombr - back to friends.mp3"
2025-12-16T15:10:31 exception: Failed to decode "/home/seseorang/Music/Hiiragi Magnetite - Zako.mp3"; Failed to open "/home/seseorang/Music/Hiiragi Magnetite - Zako.mp3": No such file or directory
2025-12-16T15:10:31 player: played "Hiiragi Magnetite - Zako.mp3"
2025-12-16T15:10:31 exception: Failed to decode "/home/seseorang/Music/Anıl Emre Daldal - M..mp3"; Failed to open "/home/seseorang/Music/Anıl Emre Daldal - M..mp3": No such file or directory
2025-12-16T15:10:31 player: played "Anıl Emre Daldal - M..mp3"
2025-12-16T15:10:31 exception: Failed to decode "/home/seseorang/Music/Noltessa - Memory Reboot x A Real Hero.mp3"; Failed to open "/home/seseorang/Music/Noltessa - Memory Reboot x A Real Hero.mp3": No such file or directory
2025-12-16T15:10:31 player: played "Noltessa - Memory Reboot x A Real Hero.mp3"
2025-12-16T15:10:31 exception: Failed to decode "/home/seseorang/Music/Dendi Nata - Abadi.mp3"; Failed to open "/home/seseorang/Music/Dendi Nata - Abadi.mp3": No such file or directory
2025-12-16T15:10:31 player: played "Dendi Nata - Abadi.mp3"
2025-12-16T15:10:31 exception: Failed to decode "/home/seseorang/Music/The Visitors (Deluxe Edition) CD 1 TRACK 8 (320).mp3"; Failed to open "/home/seseorang/Music/The Visitors (Deluxe Edition) CD 1 TRACK 8 (320).mp3": No such file or directory
2025-12-16T15:10:31 player: played "The Visitors (Deluxe Edition) CD 1 TRACK 8 (320).mp3"
2025-12-16T15:10:31 exception: Failed to decode "/home/seseorang/Music/Duran Duran - INVISIBLE.mp3"; Failed to open "/home/seseorang/Music/Duran Duran - INVISIBLE.mp3": No such file or directory
2025-12-16T15:10:31 player: played "Duran Duran - INVISIBLE.mp3"
2025-12-16T15:10:31 exception: Failed to decode "/home/seseorang/Music/Mac Demarco - Freaking Out the Neighborhood.mp3"; Failed to open "/home/seseorang/Music/Mac Demarco - Freaking Out the Neighborhood.mp3": No such file or directory
2025-12-16T15:10:31 player: played "Mac Demarco - Freaking Out the Neighborhood.mp3"
2025-12-16T15:10:31 exception: Failed to decode "/home/seseorang/Music/Cigarettes After Sex - Sunsetz.mp3"; Failed to open "/home/seseorang/Music/Cigarettes After Sex - Sunsetz.mp3": No such file or directory
2025-12-16T15:10:31 player: played "Cigarettes After Sex - Sunsetz.mp3"
2025-12-16T15:10:31 exception: Failed to decode "/home/seseorang/Music/Guillaume_Coppola_Suite_bergamasque,_L_75__No_3,_Clair_de_lune.mp3"; Failed to open "/home/seseorang/Music/Guillaume_Coppola_Suite_bergamasque,_L_75__No_3,_Clair_de_lune.mp3": No such file or directory
2025-12-16T15:10:31 player: played "Guillaume_Coppola_Suite_bergamasque,_L_75__No_3,_Clair_de_lune.mp3"
2025-12-16T15:10:31 exception: Failed to decode "/home/seseorang/Music/keshi - UNDERSTAND.mp3"; Failed to open "/home/seseorang/Music/keshi - UNDERSTAND.mp3": No such file or directory
2025-12-16T15:10:31 player: played "keshi - UNDERSTAND.mp3"
2025-12-16T15:10:31 exception: Failed to decode "/home/seseorang/Music/Slowdive - When the Sun Hits.mp3"; Failed to open "/home/seseorang/Music/Slowdive - When the Sun Hits.mp3": No such file or directory
2025-12-16T15:10:31 player: played "Slowdive - When the Sun Hits.mp3"
2025-12-16T15:10:31 exception: Failed to decode "/home/seseorang/Music/Lyla - Kamu Cantik Kamu Baik.mp3"; Failed to open "/home/seseorang/Music/Lyla - Kamu Cantik Kamu Baik.mp3": No such file or directory
2025-12-16T15:10:31 player: played "Lyla - Kamu Cantik Kamu Baik.mp3"
2025-12-16T15:10:31 exception: Failed to decode "/home/seseorang/Music/Armada - Asal Kau Bahagia.mp3"; Failed to open "/home/seseorang/Music/Armada - Asal Kau Bahagia.mp3": No such file or directory
2025-12-16T15:10:31 player: played "Armada - Asal Kau Bahagia.mp3"
2025-12-16T15:10:31 exception: Failed to decode "/home/seseorang/Music/Rio Clappy - Bunga Abadi.mp3"; Failed to open "/home/seseorang/Music/Rio Clappy - Bunga Abadi.mp3": No such file or directory
2025-12-16T15:10:31 player: played "Rio Clappy - Bunga Abadi.mp3"
2025-12-16T15:10:31 exception: Failed to decode "/home/seseorang/Music/Valentines.mp3"; Failed to open "/home/seseorang/Music/Valentines.mp3": No such file or directory
2025-12-16T15:10:31 player: played "Valentines.mp3"
2025-12-16T15:10:31 exception: Failed to decode "/home/seseorang/Music/Vacations - Telephones.mp3"; Failed to open "/home/seseorang/Music/Vacations - Telephones.mp3": No such file or directory
2025-12-16T15:10:31 player: played "Vacations - Telephones.mp3"
2025-12-16T15:10:31 exception: Failed to decode "/home/seseorang/Music/Official Noah Music - Separuh Aku.mp3"; Failed to open "/home/seseorang/Music/Official Noah Music - Separuh Aku.mp3": No such file or directory
2025-12-16T15:10:31 player: played "Official Noah Music - Separuh Aku.mp3"
2025-12-16T15:10:31 exception: Failed to decode "/home/seseorang/Music/Sukimaswitch - Zenryoku Syounen.mp3"; Failed to open "/home/seseorang/Music/Sukimaswitch - Zenryoku Syounen.mp3": No such file or directory
2025-12-16T15:10:31 player: played "Sukimaswitch - Zenryoku Syounen.mp3"
2025-12-16T15:10:31 exception: Failed to decode "/home/seseorang/Music/doc_2025-07-11_13-16-35.Feast - Tarot.mp3"; Failed to open "/home/seseorang/Music/doc_2025-07-11_13-16-35.Feast - Tarot.mp3": No such file or directory
2025-12-16T15:10:31 player: played "doc_2025-07-11_13-16-35.Feast - Tarot.mp3"
2025-12-16T15:10:31 exception: Failed to decode "/home/seseorang/Music/Dream, Ivory - welcome and goodbye.mp3"; Failed to open "/home/seseorang/Music/Dream, Ivory - welcome and goodbye.mp3": No such file or directory
2025-12-16T15:10:31 player: played "Dream, Ivory - welcome and goodbye.mp3"
2025-12-16T15:10:31 exception: Failed to decode "/home/seseorang/Music/Dendi Nata - Abadi (Indo Version).mp3"; Failed to open "/home/seseorang/Music/Dendi Nata - Abadi (Indo Version).mp3": No such file or directory
2025-12-16T15:10:31 player: played "Dendi Nata - Abadi (Indo Version).mp3"
2025-12-16T15:10:31 exception: Failed to decode "/home/seseorang/Music/sssliced - sssliced.mp3"; Failed to open "/home/seseorang/Music/sssliced - sssliced.mp3": No such file or directory
2025-12-16T15:10:31 player: played "sssliced - sssliced.mp3"
2025-12-16T15:10:31 exception: Failed to decode "/home/seseorang/Music/Arctic Monkeys - No. 1 Party Anthem.mp3"; Failed to open "/home/seseorang/Music/Arctic Monkeys - No. 1 Party Anthem.mp3": No such file or directory
2025-12-16T15:10:31 player: played "Arctic Monkeys - No. 1 Party Anthem.mp3"
2025-12-16T15:10:31 exception: Failed to decode "/home/seseorang/Music/The Lantis - Bunga Maaf.mp3"; Failed to open "/home/seseorang/Music/The Lantis - Bunga Maaf.mp3": No such file or directory
2025-12-16T15:10:31 player: played "The Lantis - Bunga Maaf.mp3"
2025-12-16T15:10:31 exception: Failed to decode "/home/seseorang/Music/Decalius - A Miserable Life.mp3"; Failed to open "/home/seseorang/Music/Decalius - A Miserable Life.mp3": No such file or directory
2025-12-16T15:10:31 player: played "Decalius - A Miserable Life.mp3"
2025-12-16T15:10:31 exception: Failed to decode "/home/seseorang/Music/Pamungkas - To the Bone.mp3"; Failed to open "/home/seseorang/Music/Pamungkas - To the Bone.mp3": No such file or directory
2025-12-16T15:10:31 player: played "Pamungkas - To the Bone.mp3"
2025-12-16T15:10:31 exception: Failed to decode "/home/seseorang/Music/Yoko Takahashi - The Cruel Angel s Thesis.mp3"; Failed to open "/home/seseorang/Music/Yoko Takahashi - The Cruel Angel s Thesis.mp3": No such file or directory
2025-12-16T15:10:31 player: played "Yoko Takahashi - The Cruel Angel s Thesis.mp3"
2025-12-16T15:10:31 exception: Failed to decode "/home/seseorang/Music/Rex Orange County - Sunflower.mp3"; Failed to open "/home/seseorang/Music/Rex Orange County - Sunflower.mp3": No such file or directory
2025-12-16T15:10:31 player: played "Rex Orange County - Sunflower.mp3"
2025-12-16T15:10:31 exception: Failed to decode "/home/seseorang/Music/Anri_Kanashimi_ga_Tomaranai_I_CAN'T_STOP_THE_LONELINESS.mp3"; Failed to open "/home/seseorang/Music/Anri_Kanashimi_ga_Tomaranai_I_CAN'T_STOP_THE_LONELINESS.mp3": No such file or directory
2025-12-16T15:10:31 player: played "Anri_Kanashimi_ga_Tomaranai_I_CAN'T_STOP_THE_LONELINESS.mp3"
2025-12-16T15:10:31 exception: Failed to decode "/home/seseorang/Music/Pastel Ghost - Iris.mp3"; Failed to open "/home/seseorang/Music/Pastel Ghost - Iris.mp3": No such file or directory
2025-12-16T15:10:31 player: played "Pastel Ghost - Iris.mp3"
2025-12-16T15:10:31 exception: Failed to decode "/home/seseorang/Music/Mac Demarco - Chamber Of Reflection.mp3"; Failed to open "/home/seseorang/Music/Mac Demarco - Chamber Of Reflection.mp3": No such file or directory
2025-12-16T15:10:31 player: played "Mac Demarco - Chamber Of Reflection.mp3"
2025-12-16T15:10:31 exception: Failed to decode "/home/seseorang/Music/Nuh... - Teruntuk Mia.mp3"; Failed to open "/home/seseorang/Music/Nuh... - Teruntuk Mia.mp3": No such file or directory
2025-12-16T15:10:31 player: played "Nuh... - Teruntuk Mia.mp3"
2025-12-16T15:10:32 exception: Not playing
2025-12-16T19:31:46 exception: Failed to decode "/home/seseorang/Music/sombr - back to friends.mp3"; Failed to open "/home/seseorang/Music/sombr - back to friends.mp3": No such file or directory
2025-12-16T19:31:46 player: played "sombr - back to friends.mp3"
2025-12-16T19:31:46 exception: Failed to decode "/home/seseorang/Music/Anıl Emre Daldal - M..mp3"; Failed to open "/home/seseorang/Music/Anıl Emre Daldal - M..mp3": No such file or directory
2025-12-16T19:31:46 player: played "Anıl Emre Daldal - M..mp3"
2025-12-16T19:31:46 exception: Failed to decode "/home/seseorang/Music/XYLØ - Afterlife (Ark Patrol Remix).mp3"; Failed to open "/home/seseorang/Music/XYLØ - Afterlife (Ark Patrol Remix).mp3": No such file or directory
2025-12-16T19:31:46 player: played "XYLØ - Afterlife (Ark Patrol Remix).mp3"
2025-12-16T19:31:46 exception: Failed to decode "/home/seseorang/Music/Decalius - A Miserable Life.mp3"; Failed to open "/home/seseorang/Music/Decalius - A Miserable Life.mp3": No such file or directory
2025-12-16T19:31:46 player: played "Decalius - A Miserable Life.mp3"
